[debug] [2023-08-31T08:24:29.240Z] ----------------------------------------------------------------------
[debug] [2023-08-31T08:24:29.243Z] Command:       C:\Program Files\nodejs\node.exe C:\Users\Sachin\AppData\Roaming\npm\node_modules\firebase-tools\lib\bin\firebase.js init
[debug] [2023-08-31T08:24:29.244Z] CLI Version:   12.5.2
[debug] [2023-08-31T08:24:29.245Z] Platform:      win32
[debug] [2023-08-31T08:24:29.245Z] Node Version:  v18.16.0
[debug] [2023-08-31T08:24:29.246Z] Time:          Thu Aug 31 2023 13:54:29 GMT+0530 (India Standard Time)
[debug] [2023-08-31T08:24:29.246Z] ----------------------------------------------------------------------
[debug] 
[debug] [2023-08-31T08:24:29.263Z] > command requires scopes: ["email","openid","https://www.googleapis.com/auth/cloudplatformprojects.readonly","https://www.googleapis.com/auth/firebase","https://www.googleapis.com/auth/cloud-platform"]
[debug] [2023-08-31T08:24:29.263Z] > authorizing via signed-in user (sachin.sriva8@gmail.com)
[info] 
     ######## #### ########  ######## ########     ###     ######  ########
     ##        ##  ##     ## ##       ##     ##  ##   ##  ##       ##
     ######    ##  ########  ######   ########  #########  ######  ######
     ##        ##  ##    ##  ##       ##     ## ##     ##       ## ##
     ##       #### ##     ## ######## ########  ##     ##  ######  ########

You're about to initialize a Firebase project in this directory:

  C:\Users\Sachin\Desktop\test\VSS_Task\day-1

[info] 
=== Project Setup
[info] 
[info] First, let's associate this project directory with a Firebase project.
[info] You can create multiple project aliases by running firebase use --add, 
[info] but for now we'll just set up a default project.
[info] 
[debug] [2023-08-31T08:24:36.822Z] >>> [apiv2][query] GET https://firebase.googleapis.com/v1beta1/projects pageSize=100
[debug] [2023-08-31T08:24:38.528Z] <<< [apiv2][status] GET https://firebase.googleapis.com/v1beta1/projects 200
[debug] [2023-08-31T08:24:38.529Z] <<< [apiv2][body] GET https://firebase.googleapis.com/v1beta1/projects [omitted]
[info] i  Using project authentication-page-e82ae (authentication page) 
[info] 
=== Database Setup
[info] i  database: ensuring required API firebasedatabase.googleapis.com is enabled... 
[debug] [2023-08-31T08:24:40.035Z] >>> [apiv2][query] GET https://serviceusage.googleapis.com/v1/projects/authentication-page-e82ae/services/firebasedatabase.googleapis.com [none]
[debug] [2023-08-31T08:24:40.036Z] >>> [apiv2][(partial)header] GET https://serviceusage.googleapis.com/v1/projects/authentication-page-e82ae/services/firebasedatabase.googleapis.com x-goog-quota-user=projects/authentication-page-e82ae
[debug] [2023-08-31T08:24:41.987Z] <<< [apiv2][status] GET https://serviceusage.googleapis.com/v1/projects/authentication-page-e82ae/services/firebasedatabase.googleapis.com 200
[debug] [2023-08-31T08:24:41.987Z] <<< [apiv2][body] GET https://serviceusage.googleapis.com/v1/projects/authentication-page-e82ae/services/firebasedatabase.googleapis.com [omitted]
[info] +  database: required API firebasedatabase.googleapis.com is enabled 
[info] 
[debug] [2023-08-31T08:24:41.991Z] >>> [apiv2][query] GET https://firebasedatabase.googleapis.com/v1beta/projects/authentication-page-e82ae/locations/-/instances/authentication-page-e82ae-default-rtdb [none]
[debug] [2023-08-31T08:24:43.932Z] <<< [apiv2][status] GET https://firebasedatabase.googleapis.com/v1beta/projects/authentication-page-e82ae/locations/-/instances/authentication-page-e82ae-default-rtdb 200
[debug] [2023-08-31T08:24:43.933Z] <<< [apiv2][body] GET https://firebasedatabase.googleapis.com/v1beta/projects/authentication-page-e82ae/locations/-/instances/authentication-page-e82ae-default-rtdb {"name":"projects/1064319130735/locations/asia-southeast1/instances/authentication-page-e82ae-default-rtdb","project":"projects/1064319130735","databaseUrl":"https://authentication-page-e82ae-default-rtdb.asia-southeast1.firebasedatabase.app","type":"DEFAULT_DATABASE","state":"ACTIVE"}
[info] 
[info] Firebase Realtime Database Security Rules allow you to define how your data should be
[info] structured and when your data can be read from and written to.
[info] 
[info] Skipping overwrite of Realtime Database Security Rules.
[info] The security rules defined in database.rules.json will be published when you run firebase deploy.
[info] 
=== Firestore Setup
[debug] [2023-08-31T08:25:09.532Z] >>> [apiv2][query] GET https://serviceusage.googleapis.com/v1/projects/authentication-page-e82ae/services/firestore.googleapis.com [none]
[debug] [2023-08-31T08:25:09.533Z] >>> [apiv2][(partial)header] GET https://serviceusage.googleapis.com/v1/projects/authentication-page-e82ae/services/firestore.googleapis.com x-goog-quota-user=projects/authentication-page-e82ae
[debug] [2023-08-31T08:25:11.891Z] <<< [apiv2][status] GET https://serviceusage.googleapis.com/v1/projects/authentication-page-e82ae/services/firestore.googleapis.com 200
[debug] [2023-08-31T08:25:11.892Z] <<< [apiv2][body] GET https://serviceusage.googleapis.com/v1/projects/authentication-page-e82ae/services/firestore.googleapis.com [omitted]
[debug] [2023-08-31T08:25:11.893Z] >>> [apiv2][query] GET https://firestore.googleapis.com/v1/projects/authentication-page-e82ae/databases/(default) [none]
[debug] [2023-08-31T08:25:12.184Z] <<< [apiv2][status] GET https://firestore.googleapis.com/v1/projects/authentication-page-e82ae/databases/(default) 200
[debug] [2023-08-31T08:25:12.184Z] <<< [apiv2][body] GET https://firestore.googleapis.com/v1/projects/authentication-page-e82ae/databases/(default) {"name":"projects/authentication-page-e82ae/databases/(default)","uid":"c2b9cdba-08ec-4fc2-b054-e49d9d75ea71","createTime":"2023-08-31T08:23:24.072245Z","updateTime":"2023-08-31T08:23:24.072245Z","locationId":"asia-south1","type":"FIRESTORE_NATIVE","concurrencyMode":"PESSIMISTIC","versionRetentionPeriod":"3600s","earliestVersionTime":"2023-08-31T08:23:24.072245Z","appEngineIntegrationMode":"DISABLED","keyPrefix":"j","pointInTimeRecoveryEnablement":"POINT_IN_TIME_RECOVERY_DISABLED","deleteProtectionState":"DELETE_PROTECTION_DISABLED","etag":"ILTCh8K8hoEDMLWizo+8hoED"}
[debug] [2023-08-31T08:25:12.184Z] database_type: FIRESTORE_NATIVE
[debug] [2023-08-31T08:25:12.185Z] > command requires scopes: ["email","openid","https://www.googleapis.com/auth/cloudplatformprojects.readonly","https://www.googleapis.com/auth/firebase","https://www.googleapis.com/auth/cloud-platform"]
[debug] [2023-08-31T08:25:12.186Z] > authorizing via signed-in user (sachin.sriva8@gmail.com)
[debug] [2023-08-31T08:25:12.186Z] [iam] checking project authentication-page-e82ae for permissions ["firebase.projects.get"]
[debug] [2023-08-31T08:25:12.188Z] >>> [apiv2][query] POST https://cloudresourcemanager.googleapis.com/v1/projects/authentication-page-e82ae:testIamPermissions [none]
[debug] [2023-08-31T08:25:12.188Z] >>> [apiv2][(partial)header] POST https://cloudresourcemanager.googleapis.com/v1/projects/authentication-page-e82ae:testIamPermissions x-goog-quota-user=projects/authentication-page-e82ae
[debug] [2023-08-31T08:25:12.188Z] >>> [apiv2][body] POST https://cloudresourcemanager.googleapis.com/v1/projects/authentication-page-e82ae:testIamPermissions {"permissions":["firebase.projects.get"]}
[debug] [2023-08-31T08:25:13.817Z] <<< [apiv2][status] POST https://cloudresourcemanager.googleapis.com/v1/projects/authentication-page-e82ae:testIamPermissions 200
[debug] [2023-08-31T08:25:13.818Z] <<< [apiv2][body] POST https://cloudresourcemanager.googleapis.com/v1/projects/authentication-page-e82ae:testIamPermissions {"permissions":["firebase.projects.get"]}
[info] 
[info] Firestore Security Rules allow you to define how and when to allow
[info] requests. You can keep these rules in your project directory
[info] and publish them with firebase deploy.
[info] 
[debug] [2023-08-31T08:25:32.677Z] >>> [apiv2][query] GET https://firebaserules.googleapis.com/v1/projects/authentication-page-e82ae/releases pageSize=10&pageToken=
[debug] [2023-08-31T08:25:34.406Z] <<< [apiv2][status] GET https://firebaserules.googleapis.com/v1/projects/authentication-page-e82ae/releases 200
[debug] [2023-08-31T08:25:34.406Z] <<< [apiv2][body] GET https://firebaserules.googleapis.com/v1/projects/authentication-page-e82ae/releases {"releases":[{"name":"projects/authentication-page-e82ae/releases/cloud.firestore","rulesetName":"projects/authentication-page-e82ae/rulesets/1b6a79ef-8702-4b59-9145-ecedd69b338b","createTime":"2023-08-31T08:23:34.701781Z","updateTime":"2023-08-31T08:23:34.701781Z"}]}
[debug] [2023-08-31T08:25:34.409Z] Found ruleset: projects/authentication-page-e82ae/rulesets/1b6a79ef-8702-4b59-9145-ecedd69b338b
[debug] [2023-08-31T08:25:34.410Z] >>> [apiv2][query] GET https://firebaserules.googleapis.com/v1/projects/authentication-page-e82ae/rulesets/1b6a79ef-8702-4b59-9145-ecedd69b338b [none]
[debug] [2023-08-31T08:25:35.946Z] <<< [apiv2][status] GET https://firebaserules.googleapis.com/v1/projects/authentication-page-e82ae/rulesets/1b6a79ef-8702-4b59-9145-ecedd69b338b 200
[debug] [2023-08-31T08:25:35.947Z] <<< [apiv2][body] GET https://firebaserules.googleapis.com/v1/projects/authentication-page-e82ae/rulesets/1b6a79ef-8702-4b59-9145-ecedd69b338b [omitted]
[info] 
[info] Firestore indexes allow you to perform complex queries while
[info] maintaining performance that scales with the size of the result
[info] set. You can keep index definitions in your project directory
[info] and publish them with firebase deploy.
[info] 
[debug] [2023-08-31T08:25:40.225Z] >>> [apiv2][query] GET https://firestore.googleapis.com/v1/projects/authentication-page-e82ae/databases/(default)/collectionGroups/-/indexes [none]
[debug] [2023-08-31T08:25:40.229Z] >>> [apiv2][query] GET https://firestore.googleapis.com/v1/projects/authentication-page-e82ae/databases/(default)/collectionGroups/-/fields?filter=indexConfig.usesAncestorConfig=false OR ttlConfig:* [none]
[debug] [2023-08-31T08:25:40.556Z] <<< [apiv2][status] GET https://firestore.googleapis.com/v1/projects/authentication-page-e82ae/databases/(default)/collectionGroups/-/indexes 200
[debug] [2023-08-31T08:25:40.557Z] <<< [apiv2][body] GET https://firestore.googleapis.com/v1/projects/authentication-page-e82ae/databases/(default)/collectionGroups/-/indexes {}
[debug] [2023-08-31T08:25:40.558Z] <<< [apiv2][status] GET https://firestore.googleapis.com/v1/projects/authentication-page-e82ae/databases/(default)/collectionGroups/-/fields?filter=indexConfig.usesAncestorConfig=false OR ttlConfig:* 200
[debug] [2023-08-31T08:25:40.558Z] <<< [apiv2][body] GET https://firestore.googleapis.com/v1/projects/authentication-page-e82ae/databases/(default)/collectionGroups/-/fields?filter=indexConfig.usesAncestorConfig=false OR ttlConfig:* {"fields":[{"name":"projects/authentication-page-e82ae/databases/(default)/collectionGroups/__default__/fields/*","indexConfig":{"indexes":[{"queryScope":"COLLECTION","fields":[{"fieldPath":"*","order":"ASCENDING"}],"state":"READY"},{"queryScope":"COLLECTION","fields":[{"fieldPath":"*","order":"DESCENDING"}],"state":"READY"},{"queryScope":"COLLECTION","fields":[{"fieldPath":"*","arrayConfig":"CONTAINS"}],"state":"READY"}]}}]}
[info] 
=== Functions Setup
[debug] [2023-08-31T08:25:40.571Z] > command requires scopes: ["email","openid","https://www.googleapis.com/auth/cloudplatformprojects.readonly","https://www.googleapis.com/auth/firebase","https://www.googleapis.com/auth/cloud-platform"]
[debug] [2023-08-31T08:25:40.572Z] > authorizing via signed-in user (sachin.sriva8@gmail.com)
[debug] [2023-08-31T08:25:40.572Z] [iam] checking project authentication-page-e82ae for permissions ["firebase.projects.get"]
[debug] [2023-08-31T08:25:40.573Z] >>> [apiv2][query] POST https://cloudresourcemanager.googleapis.com/v1/projects/authentication-page-e82ae:testIamPermissions [none]
[debug] [2023-08-31T08:25:40.574Z] >>> [apiv2][(partial)header] POST https://cloudresourcemanager.googleapis.com/v1/projects/authentication-page-e82ae:testIamPermissions x-goog-quota-user=projects/authentication-page-e82ae
[debug] [2023-08-31T08:25:40.574Z] >>> [apiv2][body] POST https://cloudresourcemanager.googleapis.com/v1/projects/authentication-page-e82ae:testIamPermissions {"permissions":["firebase.projects.get"]}
[debug] [2023-08-31T08:25:42.146Z] <<< [apiv2][status] POST https://cloudresourcemanager.googleapis.com/v1/projects/authentication-page-e82ae:testIamPermissions 200
[debug] [2023-08-31T08:25:42.146Z] <<< [apiv2][body] POST https://cloudresourcemanager.googleapis.com/v1/projects/authentication-page-e82ae:testIamPermissions {"permissions":["firebase.projects.get"]}
[debug] [2023-08-31T08:25:42.147Z] >>> [apiv2][query] GET https://serviceusage.googleapis.com/v1/projects/authentication-page-e82ae/services/cloudfunctions.googleapis.com [none]
[debug] [2023-08-31T08:25:42.148Z] >>> [apiv2][(partial)header] GET https://serviceusage.googleapis.com/v1/projects/authentication-page-e82ae/services/cloudfunctions.googleapis.com x-goog-quota-user=projects/authentication-page-e82ae
[debug] [2023-08-31T08:25:42.156Z] >>> [apiv2][query] GET https://serviceusage.googleapis.com/v1/projects/authentication-page-e82ae/services/runtimeconfig.googleapis.com [none]
[debug] [2023-08-31T08:25:42.156Z] >>> [apiv2][(partial)header] GET https://serviceusage.googleapis.com/v1/projects/authentication-page-e82ae/services/runtimeconfig.googleapis.com x-goog-quota-user=projects/authentication-page-e82ae
[debug] [2023-08-31T08:25:44.138Z] <<< [apiv2][status] GET https://serviceusage.googleapis.com/v1/projects/authentication-page-e82ae/services/runtimeconfig.googleapis.com 200
[debug] [2023-08-31T08:25:44.139Z] <<< [apiv2][body] GET https://serviceusage.googleapis.com/v1/projects/authentication-page-e82ae/services/runtimeconfig.googleapis.com [omitted]
[debug] [2023-08-31T08:25:44.145Z] <<< [apiv2][status] GET https://serviceusage.googleapis.com/v1/projects/authentication-page-e82ae/services/cloudfunctions.googleapis.com 200
[debug] [2023-08-31T08:25:44.146Z] <<< [apiv2][body] GET https://serviceusage.googleapis.com/v1/projects/authentication-page-e82ae/services/cloudfunctions.googleapis.com [omitted]
[debug] [2023-08-31T08:25:44.147Z] >>> [apiv2][query] POST https://serviceusage.googleapis.com/v1/projects/authentication-page-e82ae/services/cloudfunctions.googleapis.com:enable [none]
[debug] [2023-08-31T08:25:44.147Z] >>> [apiv2][(partial)header] POST https://serviceusage.googleapis.com/v1/projects/authentication-page-e82ae/services/cloudfunctions.googleapis.com:enable x-goog-quota-user=projects/authentication-page-e82ae
[debug] [2023-08-31T08:25:46.182Z] <<< [apiv2][status] POST https://serviceusage.googleapis.com/v1/projects/authentication-page-e82ae/services/cloudfunctions.googleapis.com:enable 200
[debug] [2023-08-31T08:25:46.183Z] <<< [apiv2][body] POST https://serviceusage.googleapis.com/v1/projects/authentication-page-e82ae/services/cloudfunctions.googleapis.com:enable [omitted]
[debug] [2023-08-31T08:25:56.197Z] >>> [apiv2][query] GET https://serviceusage.googleapis.com/v1/projects/authentication-page-e82ae/services/cloudfunctions.googleapis.com [none]
[debug] [2023-08-31T08:25:56.197Z] >>> [apiv2][(partial)header] GET https://serviceusage.googleapis.com/v1/projects/authentication-page-e82ae/services/cloudfunctions.googleapis.com x-goog-quota-user=projects/authentication-page-e82ae
[debug] [2023-08-31T08:25:58.155Z] <<< [apiv2][status] GET https://serviceusage.googleapis.com/v1/projects/authentication-page-e82ae/services/cloudfunctions.googleapis.com 200
[debug] [2023-08-31T08:25:58.155Z] <<< [apiv2][body] GET https://serviceusage.googleapis.com/v1/projects/authentication-page-e82ae/services/cloudfunctions.googleapis.com [omitted]
[info] Let's create a new codebase for your functions.
[info] A directory corresponding to the codebase will be created in your project
[info] with sample code pre-configured.

[info] See https://firebase.google.com/docs/functions/organize-functions for
[info] more information on organizing your functions using codebases.

[info] Functions can be deployed with firebase deploy.

[info] +  Wrote functions/package.json 
[info] +  Wrote functions/index.js 
[info] +  Wrote functions/.gitignore 
[info] 
=== Hosting Setup
[info] 
[info] Your public directory is the folder (relative to your project directory) that
[info] will contain Hosting assets to be uploaded with firebase deploy. If you
[info] have a build process for your assets, use your build's output directory.
[info] 
[debug] [2023-08-31T08:28:26.682Z] >>> [apiv2][query] GET https://www.gstatic.com/firebasejs/releases.json [none]
[debug] [2023-08-31T08:28:26.903Z] <<< [apiv2][status] GET https://www.gstatic.com/firebasejs/releases.json 200
[debug] [2023-08-31T08:28:26.904Z] <<< [apiv2][body] GET https://www.gstatic.com/firebasejs/releases.json {"current":{"version":"10.3.0","browserURL":"https://www.gstatic.com/firebasejs/10.3.0/firebase.js","packageURL":"https://www.gstatic.com/firebasejs/10.3.0/firebase.tgz"},"live":{"version":"10.3","browserURL":"https://www.gstatic.com/firebasejs/live/10.3/firebase.js","packageURL":"https://www.gstatic.com/firebasejs/live/10.3/firebase.tgz"},"components":{"analytics":"https://www.gstatic.com/firebasejs/10.3.0/firebase-analytics.js","app":"https://www.gstatic.com/firebasejs/10.3.0/firebase-app.js","app-check":"https://www.gstatic.com/firebasejs/10.3.0/firebase-app-check.js","auth":"https://www.gstatic.com/firebasejs/10.3.0/firebase-auth.js","auth/cordova":"https://www.gstatic.com/firebasejs/10.3.0/firebase-auth/cordova.js","functions":"https://www.gstatic.com/firebasejs/10.3.0/firebase-functions.js","firestore":"https://www.gstatic.com/firebasejs/10.3.0/firebase-firestore.js","firestore/lite":"https://www.gstatic.com/firebasejs/10.3.0/firebase-firestore/lite.js","installations":"https://www.gstatic.com/firebasejs/10.3.0/firebase-installations.js","storage":"https://www.gstatic.com/firebasejs/10.3.0/firebase-storage.js","performance":"https://www.gstatic.com/firebasejs/10.3.0/firebase-performance.js","remote-config":"https://www.gstatic.com/firebasejs/10.3.0/firebase-remote-config.js","messaging":"https://www.gstatic.com/firebasejs/10.3.0/firebase-messaging.js","messaging/sw":"https://www.gstatic.com/firebasejs/10.3.0/firebase-messaging/sw.js","database":"https://www.gstatic.com/firebasejs/10.3.0/firebase-database.js","firestore.memory":"https://www.gstatic.com/firebasejs/10.3.0/firebase-firestore.memory.js"}}
[info] +  Wrote public/index.html 
[info] 
[info] i  Didn't detect a .git folder. Assuming C:\Users\Sachin\Desktop\test\VSS_Task\day-1 is the project root. 
[info] i  Authorizing with GitHub to upload your service account to a GitHub repository's secrets store. 
[info] 
[info] Visit this URL on this device to log in:
[info] https://github.com/login/oauth/authorize?client_id=89cf50f02ac6aaed3484&state=713985822&redirect_uri=http%3A%2F%2Flocalhost%3A9005&scope=read%3Auser%20repo%20public_repo
[info] 
[info] Waiting for authentication...
[debug] [2023-08-31T08:28:38.966Z] >>> [apiv2][query] POST https://github.com/login/oauth/access_token [none]
[debug] [2023-08-31T08:28:38.966Z] >>> [apiv2][body] POST https://github.com/login/oauth/access_token [stream]
[debug] [2023-08-31T08:28:39.389Z] <<< [apiv2][status] POST https://github.com/login/oauth/access_token 200
[debug] [2023-08-31T08:28:39.390Z] <<< [apiv2][body] POST https://github.com/login/oauth/access_token {"access_token":"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","token_type":"bearer","scope":"read:user,repo"}
[debug] [2023-08-31T08:28:39.419Z] >>> [apiv2][query] GET https://api.github.com/user [none]
[debug] [2023-08-31T08:28:39.923Z] <<< [apiv2][status] GET https://api.github.com/user 200
[debug] [2023-08-31T08:28:39.923Z] <<< [apiv2][body] GET https://api.github.com/user {"login":"sachinsriva8","id":131647050,"node_id":"U_kgDOB9jGSg","avatar_url":"https://avatars.githubusercontent.com/u/131647050?v=4","gravatar_id":"","url":"https://api.github.com/users/sachinsriva8","html_url":"https://github.com/sachinsriva8","followers_url":"https://api.github.com/users/sachinsriva8/followers","following_url":"https://api.github.com/users/sachinsriva8/following{/other_user}","gists_url":"https://api.github.com/users/sachinsriva8/gists{/gist_id}","starred_url":"https://api.github.com/users/sachinsriva8/starred{/owner}{/repo}","subscriptions_url":"https://api.github.com/users/sachinsriva8/subscriptions","organizations_url":"https://api.github.com/users/sachinsriva8/orgs","repos_url":"https://api.github.com/users/sachinsriva8/repos","events_url":"https://api.github.com/users/sachinsriva8/events{/privacy}","received_events_url":"https://api.github.com/users/sachinsriva8/received_events","type":"User","site_admin":false,"name":null,"company":null,"blog":"","location":null,"email":null,"hireable":null,"bio":null,"twitter_username":null,"public_repos":13,"public_gists":0,"followers":0,"following":1,"created_at":"2023-04-24T06:46:50Z","updated_at":"2023-08-29T02:49:12Z","private_gists":0,"total_private_repos":1,"owned_private_repos":1,"disk_usage":484,"collaborators":0,"two_factor_authentication":false,"plan":{"name":"free","space":976562499,"collaborators":0,"private_repos":10000}}
[info] 
[info] +  Success! Logged into GitHub as sachinsriva8 
[info] 
[debug] [2023-08-31T08:28:58.599Z] >>> [apiv2][query] GET https://api.github.com/repos//actions/secrets/public-key type=owner
[debug] [2023-08-31T08:28:59.044Z] <<< [apiv2][status] GET https://api.github.com/repos//actions/secrets/public-key 404
[debug] [2023-08-31T08:28:59.044Z] <<< [apiv2][body] GET https://api.github.com/repos//actions/secrets/public-key {"message":"Not Found","documentation_url":"https://docs.github.com/rest"}
[info] 
[info] 
[error] !  The provided authorization cannot be used with this repository. If this repository is in an organization, did you remember to grant access? 
[info] 
[info] i  Action required: Visit this URL to ensure access has been granted to the appropriate organization(s) for the Firebase CLI GitHub OAuth App: 
[info] https://github.com/settings/connections/applications/89cf50f02ac6aaed3484
[info] 
[debug] [2023-08-31T08:29:32.222Z] >>> [apiv2][query] GET https://api.github.com/repos//actions/secrets/public-key type=owner
[debug] [2023-08-31T08:29:32.653Z] <<< [apiv2][status] GET https://api.github.com/repos//actions/secrets/public-key 404
[debug] [2023-08-31T08:29:32.653Z] <<< [apiv2][body] GET https://api.github.com/repos//actions/secrets/public-key {"message":"Not Found","documentation_url":"https://docs.github.com/rest"}
[info] 
[info] 
[error] !  The provided authorization cannot be used with this repository. If this repository is in an organization, did you remember to grant access? 
[info] 
[info] i  Action required: Visit this URL to ensure access has been granted to the appropriate organization(s) for the Firebase CLI GitHub OAuth App: 
[info] https://github.com/settings/connections/applications/89cf50f02ac6aaed3484
[info] 
[debug] [2023-08-31T08:33:44.138Z] >>> [apiv2][query] GET https://api.github.com/repos//actions/secrets/public-key type=owner
[debug] [2023-08-31T08:33:44.568Z] <<< [apiv2][status] GET https://api.github.com/repos//actions/secrets/public-key 404
[debug] [2023-08-31T08:33:44.568Z] <<< [apiv2][body] GET https://api.github.com/repos//actions/secrets/public-key {"message":"Not Found","documentation_url":"https://docs.github.com/rest"}
[info] 
[info] 
[error] !  The provided authorization cannot be used with this repository. If this repository is in an organization, did you remember to grant access? 
[info] 
[info] i  Action required: Visit this URL to ensure access has been granted to the appropriate organization(s) for the Firebase CLI GitHub OAuth App: 
[info] https://github.com/settings/connections/applications/89cf50f02ac6aaed3484
[info] 
[debug] [2023-08-31T08:33:48.912Z] >>> [apiv2][query] GET https://api.github.com/repos//actions/secrets/public-key type=owner
[debug] [2023-08-31T08:33:49.309Z] <<< [apiv2][status] GET https://api.github.com/repos//actions/secrets/public-key 404
[debug] [2023-08-31T08:33:49.310Z] <<< [apiv2][body] GET https://api.github.com/repos//actions/secrets/public-key {"message":"Not Found","documentation_url":"https://docs.github.com/rest"}
[info] 
[info] 
[error] !  The provided authorization cannot be used with this repository. If this repository is in an organization, did you remember to grant access? 
[info] 
[info] i  Action required: Visit this URL to ensure access has been granted to the appropriate organization(s) for the Firebase CLI GitHub OAuth App: 
[info] https://github.com/settings/connections/applications/89cf50f02ac6aaed3484
[info] 
[debug] [2023-08-31T08:35:11.814Z] >>> [apiv2][query] GET https://api.github.com/repos//actions/secrets/public-key type=owner
[debug] [2023-08-31T08:35:12.253Z] <<< [apiv2][status] GET https://api.github.com/repos//actions/secrets/public-key 404
[debug] [2023-08-31T08:35:12.253Z] <<< [apiv2][body] GET https://api.github.com/repos//actions/secrets/public-key {"message":"Not Found","documentation_url":"https://docs.github.com/rest"}
[info] 
[info] 
[error] !  The provided authorization cannot be used with this repository. If this repository is in an organization, did you remember to grant access? 
[info] 
[info] i  Action required: Visit this URL to ensure access has been granted to the appropriate organization(s) for the Firebase CLI GitHub OAuth App: 
[info] https://github.com/settings/connections/applications/89cf50f02ac6aaed3484
[info] 
[debug] [2023-08-31T08:37:30.591Z] >>> [apiv2][query] GET https://api.github.com/repos/sachinsriva8/day-1/actions/secrets/public-key type=owner
[debug] [2023-08-31T08:37:31.042Z] <<< [apiv2][status] GET https://api.github.com/repos/sachinsriva8/day-1/actions/secrets/public-key 401
[debug] [2023-08-31T08:37:31.043Z] <<< [apiv2][body] GET https://api.github.com/repos/sachinsriva8/day-1/actions/secrets/public-key {"message":"Bad credentials","documentation_url":"https://docs.github.com/rest"}
[debug] [2023-08-31T08:40:07.816Z] >>> [apiv2][query] GET https://api.github.com/repos/sachinsriva8/day-1/actions/secrets/public-key type=owner
[debug] [2023-08-31T08:40:08.234Z] <<< [apiv2][status] GET https://api.github.com/repos/sachinsriva8/day-1/actions/secrets/public-key 401
[debug] [2023-08-31T08:40:08.235Z] <<< [apiv2][body] GET https://api.github.com/repos/sachinsriva8/day-1/actions/secrets/public-key {"message":"Bad credentials","documentation_url":"https://docs.github.com/rest"}
[debug] [2023-08-31T08:40:10.011Z] >>> [apiv2][query] GET https://api.github.com/repos/sachinsriva8/day-1/actions/secrets/public-key type=owner
[debug] [2023-08-31T08:40:10.405Z] <<< [apiv2][status] GET https://api.github.com/repos/sachinsriva8/day-1/actions/secrets/public-key 401
[debug] [2023-08-31T08:40:10.405Z] <<< [apiv2][body] GET https://api.github.com/repos/sachinsriva8/day-1/actions/secrets/public-key {"message":"Bad credentials","documentation_url":"https://docs.github.com/rest"}
[debug] [2023-08-31T08:40:10.469Z] >>> [apiv2][query] GET https://api.github.com/repos/sachinsriva8/day-1/actions/secrets/public-key type=owner
[debug] [2023-08-31T08:40:10.848Z] >>> [apiv2][query] GET https://api.github.com/repos//actions/secrets/public-key type=owner
[debug] [2023-08-31T08:40:10.854Z] <<< [apiv2][status] GET https://api.github.com/repos/sachinsriva8/day-1/actions/secrets/public-key 401
[debug] [2023-08-31T08:40:10.855Z] <<< [apiv2][body] GET https://api.github.com/repos/sachinsriva8/day-1/actions/secrets/public-key {"message":"Bad credentials","documentation_url":"https://docs.github.com/rest"}
[debug] [2023-08-31T08:40:11.204Z] <<< [apiv2][status] GET https://api.github.com/repos//actions/secrets/public-key 401
[debug] [2023-08-31T08:40:11.205Z] <<< [apiv2][body] GET https://api.github.com/repos//actions/secrets/public-key {"message":"Bad credentials","documentation_url":"https://docs.github.com/rest"}
[debug] [2023-08-31T08:40:11.280Z] >>> [apiv2][query] GET https://api.github.com/repos/sachinsriva8/day-1/actions/secrets/public-key type=owner
[debug] [2023-08-31T08:40:11.720Z] <<< [apiv2][status] GET https://api.github.com/repos/sachinsriva8/day-1/actions/secrets/public-key 401
[debug] [2023-08-31T08:40:11.720Z] <<< [apiv2][body] GET https://api.github.com/repos/sachinsriva8/day-1/actions/secrets/public-key {"message":"Bad credentials","documentation_url":"https://docs.github.com/rest"}
[debug] [2023-08-31T08:40:22.949Z] >>> [apiv2][query] GET https://api.github.com/repos/sachinsriva8/day-1/actions/secrets/public-key type=owner
[debug] [2023-08-31T08:40:23.231Z] >>> [apiv2][query] GET https://api.github.com/repos//actions/secrets/public-key type=owner
[debug] [2023-08-31T08:40:23.387Z] <<< [apiv2][status] GET https://api.github.com/repos/sachinsriva8/day-1/actions/secrets/public-key 401
[debug] [2023-08-31T08:40:23.387Z] <<< [apiv2][body] GET https://api.github.com/repos/sachinsriva8/day-1/actions/secrets/public-key {"message":"Bad credentials","documentation_url":"https://docs.github.com/rest"}
[debug] [2023-08-31T08:40:23.515Z] >>> [apiv2][query] GET https://api.github.com/repos/sachinsriva8/day-1/actions/secrets/public-key type=owner
[debug] [2023-08-31T08:40:23.599Z] <<< [apiv2][status] GET https://api.github.com/repos//actions/secrets/public-key 401
[debug] [2023-08-31T08:40:23.599Z] <<< [apiv2][body] GET https://api.github.com/repos//actions/secrets/public-key {"message":"Bad credentials","documentation_url":"https://docs.github.com/rest"}
[debug] [2023-08-31T08:40:23.766Z] >>> [apiv2][query] GET https://api.github.com/repos//actions/secrets/public-key type=owner
[debug] [2023-08-31T08:40:23.886Z] <<< [apiv2][status] GET https://api.github.com/repos/sachinsriva8/day-1/actions/secrets/public-key 401
[debug] [2023-08-31T08:40:23.887Z] <<< [apiv2][body] GET https://api.github.com/repos/sachinsriva8/day-1/actions/secrets/public-key {"message":"Bad credentials","documentation_url":"https://docs.github.com/rest"}
[debug] [2023-08-31T08:40:24.188Z] <<< [apiv2][status] GET https://api.github.com/repos//actions/secrets/public-key 401
[debug] [2023-08-31T08:40:24.189Z] <<< [apiv2][body] GET https://api.github.com/repos//actions/secrets/public-key {"message":"Bad credentials","documentation_url":"https://docs.github.com/rest"}
[debug] [2023-08-31T08:40:24.774Z] >>> [apiv2][query] GET https://api.github.com/repos/sachinsriva8/day-1/actions/secrets/public-key type=owner
[debug] [2023-08-31T08:40:25.256Z] <<< [apiv2][status] GET https://api.github.com/repos/sachinsriva8/day-1/actions/secrets/public-key 401
[debug] [2023-08-31T08:40:25.257Z] <<< [apiv2][body] GET https://api.github.com/repos/sachinsriva8/day-1/actions/secrets/public-key {"message":"Bad credentials","documentation_url":"https://docs.github.com/rest"}
[debug] [2023-08-31T08:40:25.824Z] >>> [apiv2][query] GET https://api.github.com/repos/sachinsriva8/day-1/actions/secrets/public-key type=owner
[debug] [2023-08-31T08:40:26.257Z] <<< [apiv2][status] GET https://api.github.com/repos/sachinsriva8/day-1/actions/secrets/public-key 401
[debug] [2023-08-31T08:40:26.258Z] <<< [apiv2][body] GET https://api.github.com/repos/sachinsriva8/day-1/actions/secrets/public-key {"message":"Bad credentials","documentation_url":"https://docs.github.com/rest"}
[debug] [2023-08-31T08:40:26.417Z] >>> [apiv2][query] GET https://api.github.com/repos/sachinsriva8/day-1/actions/secrets/public-key type=owner
[debug] [2023-08-31T08:40:26.718Z] >>> [apiv2][query] GET https://api.github.com/repos//actions/secrets/public-key type=owner
[debug] [2023-08-31T08:40:26.872Z] <<< [apiv2][status] GET https://api.github.com/repos/sachinsriva8/day-1/actions/secrets/public-key 401
[debug] [2023-08-31T08:40:26.873Z] <<< [apiv2][body] GET https://api.github.com/repos/sachinsriva8/day-1/actions/secrets/public-key {"message":"Bad credentials","documentation_url":"https://docs.github.com/rest"}
[debug] [2023-08-31T08:40:26.933Z] >>> [apiv2][query] GET https://api.github.com/repos/sachinsriva8/day-1/actions/secrets/public-key type=owner
[debug] [2023-08-31T08:40:27.125Z] >>> [apiv2][query] GET https://api.github.com/repos//actions/secrets/public-key type=owner
[debug] [2023-08-31T08:40:27.130Z] <<< [apiv2][status] GET https://api.github.com/repos//actions/secrets/public-key 401
[debug] [2023-08-31T08:40:27.131Z] <<< [apiv2][body] GET https://api.github.com/repos//actions/secrets/public-key {"message":"Bad credentials","documentation_url":"https://docs.github.com/rest"}
[debug] [2023-08-31T08:40:27.271Z] >>> [apiv2][query] GET https://api.github.com/repos//actions/secrets/public-key type=owner
[debug] [2023-08-31T08:40:27.385Z] <<< [apiv2][status] GET https://api.github.com/repos/sachinsriva8/day-1/actions/secrets/public-key 401
[debug] [2023-08-31T08:40:27.386Z] <<< [apiv2][body] GET https://api.github.com/repos/sachinsriva8/day-1/actions/secrets/public-key {"message":"Bad credentials","documentation_url":"https://docs.github.com/rest"}
[debug] [2023-08-31T08:40:27.504Z] >>> [apiv2][query] GET https://api.github.com/repos/sachinsriva8/day-1/actions/secrets/public-key type=owner
[debug] [2023-08-31T08:40:27.524Z] <<< [apiv2][status] GET https://api.github.com/repos//actions/secrets/public-key 401
[debug] [2023-08-31T08:40:27.525Z] <<< [apiv2][body] GET https://api.github.com/repos//actions/secrets/public-key {"message":"Bad credentials","documentation_url":"https://docs.github.com/rest"}
[debug] [2023-08-31T08:40:27.652Z] <<< [apiv2][status] GET https://api.github.com/repos//actions/secrets/public-key 401
[debug] [2023-08-31T08:40:27.653Z] <<< [apiv2][body] GET https://api.github.com/repos//actions/secrets/public-key {"message":"Bad credentials","documentation_url":"https://docs.github.com/rest"}
[debug] [2023-08-31T08:40:27.859Z] >>> [apiv2][query] GET https://api.github.com/repos//actions/secrets/public-key type=owner
[debug] [2023-08-31T08:40:27.960Z] <<< [apiv2][status] GET https://api.github.com/repos/sachinsriva8/day-1/actions/secrets/public-key 401
[debug] [2023-08-31T08:40:27.960Z] <<< [apiv2][body] GET https://api.github.com/repos/sachinsriva8/day-1/actions/secrets/public-key {"message":"Bad credentials","documentation_url":"https://docs.github.com/rest"}
[debug] [2023-08-31T08:40:28.232Z] <<< [apiv2][status] GET https://api.github.com/repos//actions/secrets/public-key 401
[debug] [2023-08-31T08:40:28.232Z] <<< [apiv2][body] GET https://api.github.com/repos//actions/secrets/public-key {"message":"Bad credentials","documentation_url":"https://docs.github.com/rest"}
[debug] [2023-08-31T08:40:28.326Z] >>> [apiv2][query] GET https://api.github.com/repos/sachinsriva8/day-1/actions/secrets/public-key type=owner
[debug] [2023-08-31T08:40:28.560Z] >>> [apiv2][query] GET https://api.github.com/repos//actions/secrets/public-key type=owner
[debug] [2023-08-31T08:40:28.763Z] <<< [apiv2][status] GET https://api.github.com/repos/sachinsriva8/day-1/actions/secrets/public-key 401
[debug] [2023-08-31T08:40:28.763Z] <<< [apiv2][body] GET https://api.github.com/repos/sachinsriva8/day-1/actions/secrets/public-key {"message":"Bad credentials","documentation_url":"https://docs.github.com/rest"}
[debug] [2023-08-31T08:40:28.771Z] >>> [apiv2][query] GET https://api.github.com/repos/sachinsriva8/day-1/actions/secrets/public-key type=owner
[debug] [2023-08-31T08:40:28.966Z] <<< [apiv2][status] GET https://api.github.com/repos//actions/secrets/public-key 401
[debug] [2023-08-31T08:40:28.967Z] <<< [apiv2][body] GET https://api.github.com/repos//actions/secrets/public-key {"message":"Bad credentials","documentation_url":"https://docs.github.com/rest"}
[debug] [2023-08-31T08:40:29.004Z] >>> [apiv2][query] GET https://api.github.com/repos//actions/secrets/public-key type=owner
[debug] [2023-08-31T08:40:29.175Z] <<< [apiv2][status] GET https://api.github.com/repos/sachinsriva8/day-1/actions/secrets/public-key 401
[debug] [2023-08-31T08:40:29.175Z] <<< [apiv2][body] GET https://api.github.com/repos/sachinsriva8/day-1/actions/secrets/public-key {"message":"Bad credentials","documentation_url":"https://docs.github.com/rest"}
[debug] [2023-08-31T08:40:29.218Z] >>> [apiv2][query] GET https://api.github.com/repos/sachinsriva8/day-1/actions/secrets/public-key type=owner
[debug] [2023-08-31T08:40:29.421Z] <<< [apiv2][status] GET https://api.github.com/repos//actions/secrets/public-key 401
[debug] [2023-08-31T08:40:29.421Z] <<< [apiv2][body] GET https://api.github.com/repos//actions/secrets/public-key {"message":"Bad credentials","documentation_url":"https://docs.github.com/rest"}
[debug] [2023-08-31T08:40:29.430Z] >>> [apiv2][query] GET https://api.github.com/repos//actions/secrets/public-key type=owner
[debug] [2023-08-31T08:40:29.639Z] <<< [apiv2][status] GET https://api.github.com/repos/sachinsriva8/day-1/actions/secrets/public-key 401
[debug] [2023-08-31T08:40:29.640Z] <<< [apiv2][body] GET https://api.github.com/repos/sachinsriva8/day-1/actions/secrets/public-key {"message":"Bad credentials","documentation_url":"https://docs.github.com/rest"}
[debug] [2023-08-31T08:40:29.683Z] >>> [apiv2][query] GET https://api.github.com/repos/sachinsriva8/day-1/actions/secrets/public-key type=owner
[debug] [2023-08-31T08:40:29.843Z] <<< [apiv2][status] GET https://api.github.com/repos//actions/secrets/public-key 401
[debug] [2023-08-31T08:40:29.843Z] <<< [apiv2][body] GET https://api.github.com/repos//actions/secrets/public-key {"message":"Bad credentials","documentation_url":"https://docs.github.com/rest"}
[debug] [2023-08-31T08:40:29.897Z] >>> [apiv2][query] GET https://api.github.com/repos//actions/secrets/public-key type=owner
[debug] [2023-08-31T08:40:30.131Z] >>> [apiv2][query] GET https://api.github.com/repos//actions/secrets/public-key type=owner
[debug] [2023-08-31T08:40:30.137Z] <<< [apiv2][status] GET https://api.github.com/repos/sachinsriva8/day-1/actions/secrets/public-key 401
[debug] [2023-08-31T08:40:30.138Z] <<< [apiv2][body] GET https://api.github.com/repos/sachinsriva8/day-1/actions/secrets/public-key {"message":"Bad credentials","documentation_url":"https://docs.github.com/rest"}
[debug] [2023-08-31T08:40:30.301Z] <<< [apiv2][status] GET https://api.github.com/repos//actions/secrets/public-key 401
[debug] [2023-08-31T08:40:30.302Z] <<< [apiv2][body] GET https://api.github.com/repos//actions/secrets/public-key {"message":"Bad credentials","documentation_url":"https://docs.github.com/rest"}
[debug] [2023-08-31T08:40:30.366Z] >>> [apiv2][query] GET https://api.github.com/repos/sachinsriva8/day-1/actions/secrets/public-key type=owner
[debug] [2023-08-31T08:40:30.577Z] >>> [apiv2][query] GET https://api.github.com/repos//actions/secrets/public-key type=owner
[debug] [2023-08-31T08:40:30.584Z] <<< [apiv2][status] GET https://api.github.com/repos//actions/secrets/public-key 401
[debug] [2023-08-31T08:40:30.584Z] <<< [apiv2][body] GET https://api.github.com/repos//actions/secrets/public-key {"message":"Bad credentials","documentation_url":"https://docs.github.com/rest"}
[debug] [2023-08-31T08:40:30.820Z] >>> [apiv2][query] GET https://api.github.com/repos//actions/secrets/public-key type=owner
[debug] [2023-08-31T08:40:30.865Z] <<< [apiv2][status] GET https://api.github.com/repos/sachinsriva8/day-1/actions/secrets/public-key 401
[debug] [2023-08-31T08:40:30.866Z] <<< [apiv2][body] GET https://api.github.com/repos/sachinsriva8/day-1/actions/secrets/public-key {"message":"Bad credentials","documentation_url":"https://docs.github.com/rest"}
[debug] [2023-08-31T08:40:30.967Z] <<< [apiv2][status] GET https://api.github.com/repos//actions/secrets/public-key 401
[debug] [2023-08-31T08:40:30.967Z] <<< [apiv2][body] GET https://api.github.com/repos//actions/secrets/public-key {"message":"Bad credentials","documentation_url":"https://docs.github.com/rest"}
[debug] [2023-08-31T08:40:31.223Z] <<< [apiv2][status] GET https://api.github.com/repos//actions/secrets/public-key 401
[debug] [2023-08-31T08:40:31.224Z] <<< [apiv2][body] GET https://api.github.com/repos//actions/secrets/public-key {"message":"Bad credentials","documentation_url":"https://docs.github.com/rest"}
[debug] [2023-08-31T08:40:44.054Z] >>> [apiv2][query] GET https://api.github.com/repos/sachinsriva8/day-1firebase init/actions/secrets/public-key type=owner
[debug] [2023-08-31T08:40:44.446Z] <<< [apiv2][status] GET https://api.github.com/repos/sachinsriva8/day-1firebase init/actions/secrets/public-key 401
[debug] [2023-08-31T08:40:44.446Z] <<< [apiv2][body] GET https://api.github.com/repos/sachinsriva8/day-1firebase init/actions/secrets/public-key {"message":"Bad credentials","documentation_url":"https://docs.github.com/rest"}
[debug] [2023-08-31T08:41:43.988Z] >>> [apiv2][query] GET https://api.github.com/repos/https://github.com/sachinsriva8/day-1/actions/secrets/public-key type=owner
[debug] [2023-08-31T08:41:44.439Z] <<< [apiv2][status] GET https://api.github.com/repos/https://github.com/sachinsriva8/day-1/actions/secrets/public-key 401
[debug] [2023-08-31T08:41:44.439Z] <<< [apiv2][body] GET https://api.github.com/repos/https://github.com/sachinsriva8/day-1/actions/secrets/public-key {"message":"Bad credentials","documentation_url":"https://docs.github.com/rest"}
[debug] [2023-08-31T08:41:45.095Z] >>> [apiv2][query] GET https://api.github.com/repos/https://github.com/sachinsriva8/day-1/actions/secrets/public-key type=owner
[debug] [2023-08-31T08:41:45.515Z] <<< [apiv2][status] GET https://api.github.com/repos/https://github.com/sachinsriva8/day-1/actions/secrets/public-key 401
[debug] [2023-08-31T08:41:45.516Z] <<< [apiv2][body] GET https://api.github.com/repos/https://github.com/sachinsriva8/day-1/actions/secrets/public-key {"message":"Bad credentials","documentation_url":"https://docs.github.com/rest"}
[debug] [2023-08-31T08:41:45.824Z] >>> [apiv2][query] GET https://api.github.com/repos/https://github.com/sachinsriva8/day-1/actions/secrets/public-key type=owner
[debug] [2023-08-31T08:41:46.073Z] >>> [apiv2][query] GET https://api.github.com/repos//actions/secrets/public-key type=owner
[debug] [2023-08-31T08:41:46.334Z] <<< [apiv2][status] GET https://api.github.com/repos/https://github.com/sachinsriva8/day-1/actions/secrets/public-key 401
[debug] [2023-08-31T08:41:46.334Z] <<< [apiv2][body] GET https://api.github.com/repos/https://github.com/sachinsriva8/day-1/actions/secrets/public-key {"message":"Bad credentials","documentation_url":"https://docs.github.com/rest"}
[debug] [2023-08-31T08:41:46.349Z] >>> [apiv2][query] GET https://api.github.com/repos/https://github.com/sachinsriva8/day-1/actions/secrets/public-key type=owner
[debug] [2023-08-31T08:41:46.487Z] <<< [apiv2][status] GET https://api.github.com/repos//actions/secrets/public-key 401
[debug] [2023-08-31T08:41:46.488Z] <<< [apiv2][body] GET https://api.github.com/repos//actions/secrets/public-key {"message":"Bad credentials","documentation_url":"https://docs.github.com/rest"}
[debug] [2023-08-31T08:41:46.846Z] <<< [apiv2][status] GET https://api.github.com/repos/https://github.com/sachinsriva8/day-1/actions/secrets/public-key 401
[debug] [2023-08-31T08:41:46.847Z] <<< [apiv2][body] GET https://api.github.com/repos/https://github.com/sachinsriva8/day-1/actions/secrets/public-key {"message":"Bad credentials","documentation_url":"https://docs.github.com/rest"}
[debug] [2023-08-31T08:41:47.492Z] >>> [apiv2][query] GET https://api.github.com/repos/https://github.com/sachinsriva8/day-1/actions/secrets/public-key type=owner
[debug] [2023-08-31T08:41:47.919Z] <<< [apiv2][status] GET https://api.github.com/repos/https://github.com/sachinsriva8/day-1/actions/secrets/public-key 401
[debug] [2023-08-31T08:41:47.919Z] <<< [apiv2][body] GET https://api.github.com/repos/https://github.com/sachinsriva8/day-1/actions/secrets/public-key {"message":"Bad credentials","documentation_url":"https://docs.github.com/rest"}
[debug] [2023-08-31T08:42:14.145Z] >>> [apiv2][query] GET https://api.github.com/repos/firebase deploy/actions/secrets/public-key type=owner
[debug] [2023-08-31T08:42:14.592Z] <<< [apiv2][status] GET https://api.github.com/repos/firebase deploy/actions/secrets/public-key 401
[debug] [2023-08-31T08:42:14.593Z] <<< [apiv2][body] GET https://api.github.com/repos/firebase deploy/actions/secrets/public-key {"message":"Bad credentials","documentation_url":"https://docs.github.com/rest"}
[debug] [2023-08-31T08:42:15.354Z] >>> [apiv2][query] GET https://api.github.com/repos/firebase deploy/actions/secrets/public-key type=owner
[debug] [2023-08-31T08:42:16.286Z] <<< [apiv2][status] GET https://api.github.com/repos/firebase deploy/actions/secrets/public-key 401
[debug] [2023-08-31T08:42:16.286Z] <<< [apiv2][body] GET https://api.github.com/repos/firebase deploy/actions/secrets/public-key {"message":"Bad credentials","documentation_url":"https://docs.github.com/rest"}
